  cl : Command line warning D9035 : option 'Gm' has been deprecated and will be removed in a future release
  stb_image_aug.c
U:\COMP3320\COMP3320_lab_w03_code_2019\GLFW_EXAMPLE\GLFW_EXAMPLE\soil\src\stb_image_aug.c(177,1): warning C4996:  'fopen': This function or variable may be unsafe. Consider using fopen_s instead. To disable deprecation, use _CRT_SECURE_NO_WARNINGS. See online help for details.
C:\Program Files (x86)\Windows Kits\10\Include\10.0.17763.0\ucrt\stdio.h(208): message :  see declaration of 'fopen'
U:\COMP3320\COMP3320_lab_w03_code_2019\GLFW_EXAMPLE\GLFW_EXAMPLE\soil\src\stb_image_aug.c(251,1): warning C4996:  'fopen': This function or variable may be unsafe. Consider using fopen_s instead. To disable deprecation, use _CRT_SECURE_NO_WARNINGS. See online help for details.
C:\Program Files (x86)\Windows Kits\10\Include\10.0.17763.0\ucrt\stdio.h(208): message :  see declaration of 'fopen'
U:\COMP3320\COMP3320_lab_w03_code_2019\GLFW_EXAMPLE\GLFW_EXAMPLE\soil\src\stb_image_aug.c(303,1): warning C4996:  'fopen': This function or variable may be unsafe. Consider using fopen_s instead. To disable deprecation, use _CRT_SECURE_NO_WARNINGS. See online help for details.
C:\Program Files (x86)\Windows Kits\10\Include\10.0.17763.0\ucrt\stdio.h(208): message :  see declaration of 'fopen'
U:\COMP3320\COMP3320_lab_w03_code_2019\GLFW_EXAMPLE\GLFW_EXAMPLE\soil\src\stb_image_aug.c(1557,1): warning C4996:  'fopen': This function or variable may be unsafe. Consider using fopen_s instead. To disable deprecation, use _CRT_SECURE_NO_WARNINGS. See online help for details.
C:\Program Files (x86)\Windows Kits\10\Include\10.0.17763.0\ucrt\stdio.h(208): message :  see declaration of 'fopen'
U:\COMP3320\COMP3320_lab_w03_code_2019\GLFW_EXAMPLE\GLFW_EXAMPLE\soil\src\stb_image_aug.c(2394,1): warning C4996:  'fopen': This function or variable may be unsafe. Consider using fopen_s instead. To disable deprecation, use _CRT_SECURE_NO_WARNINGS. See online help for details.
C:\Program Files (x86)\Windows Kits\10\Include\10.0.17763.0\ucrt\stdio.h(208): message :  see declaration of 'fopen'
U:\COMP3320\COMP3320_lab_w03_code_2019\GLFW_EXAMPLE\GLFW_EXAMPLE\soil\src\stb_image_aug.c(2709,1): warning C4996:  'fopen': This function or variable may be unsafe. Consider using fopen_s instead. To disable deprecation, use _CRT_SECURE_NO_WARNINGS. See online help for details.
C:\Program Files (x86)\Windows Kits\10\Include\10.0.17763.0\ucrt\stdio.h(208): message :  see declaration of 'fopen'
U:\COMP3320\COMP3320_lab_w03_code_2019\GLFW_EXAMPLE\GLFW_EXAMPLE\soil\src\stb_image_aug.c(2995,1): warning C4996:  'fopen': This function or variable may be unsafe. Consider using fopen_s instead. To disable deprecation, use _CRT_SECURE_NO_WARNINGS. See online help for details.
C:\Program Files (x86)\Windows Kits\10\Include\10.0.17763.0\ucrt\stdio.h(208): message :  see declaration of 'fopen'
U:\COMP3320\COMP3320_lab_w03_code_2019\GLFW_EXAMPLE\GLFW_EXAMPLE\soil\src\stb_image_aug.c(3209,1): warning C4996:  'fopen': This function or variable may be unsafe. Consider using fopen_s instead. To disable deprecation, use _CRT_SECURE_NO_WARNINGS. See online help for details.
C:\Program Files (x86)\Windows Kits\10\Include\10.0.17763.0\ucrt\stdio.h(208): message :  see declaration of 'fopen'
U:\COMP3320\COMP3320_lab_w03_code_2019\GLFW_EXAMPLE\GLFW_EXAMPLE\soil\src\stb_image_aug.c(3548,1): warning C4996:  'fopen': This function or variable may be unsafe. Consider using fopen_s instead. To disable deprecation, use _CRT_SECURE_NO_WARNINGS. See online help for details.
C:\Program Files (x86)\Windows Kits\10\Include\10.0.17763.0\ucrt\stdio.h(208): message :  see declaration of 'fopen'
U:\COMP3320\COMP3320_lab_w03_code_2019\GLFW_EXAMPLE\GLFW_EXAMPLE\soil\src\stb_image_aug.c(3644,1): warning C4996:  'fopen': This function or variable may be unsafe. Consider using fopen_s instead. To disable deprecation, use _CRT_SECURE_NO_WARNINGS. See online help for details.
C:\Program Files (x86)\Windows Kits\10\Include\10.0.17763.0\ucrt\stdio.h(208): message :  see declaration of 'fopen'
U:\COMP3320\COMP3320_lab_w03_code_2019\GLFW_EXAMPLE\GLFW_EXAMPLE\soil\src\stbi_DDS_aug_c.h(362,19): warning C4018:  '>': signed/unsigned mismatch
U:\COMP3320\COMP3320_lab_w03_code_2019\GLFW_EXAMPLE\GLFW_EXAMPLE\soil\src\stbi_DDS_aug_c.h(366,19): warning C4018:  '>': signed/unsigned mismatch
U:\COMP3320\COMP3320_lab_w03_code_2019\GLFW_EXAMPLE\GLFW_EXAMPLE\soil\src\stbi_DDS_aug_c.h(390,19): warning C4018:  '<': signed/unsigned mismatch
U:\COMP3320\COMP3320_lab_w03_code_2019\GLFW_EXAMPLE\GLFW_EXAMPLE\soil\src\stbi_DDS_aug_c.h(427,19): warning C4018:  '<': signed/unsigned mismatch
U:\COMP3320\COMP3320_lab_w03_code_2019\GLFW_EXAMPLE\GLFW_EXAMPLE\soil\src\stbi_DDS_aug_c.h(498,1): warning C4996:  'fopen': This function or variable may be unsafe. Consider using fopen_s instead. To disable deprecation, use _CRT_SECURE_NO_WARNINGS. See online help for details.
  SOIL.c
C:\Program Files (x86)\Windows Kits\10\Include\10.0.17763.0\ucrt\stdio.h(208): message :  see declaration of 'fopen'
U:\COMP3320\COMP3320_lab_w03_code_2019\GLFW_EXAMPLE\GLFW_EXAMPLE\soil\src\SOIL.c(1719,36): warning C4018:  '<=': signed/unsigned mismatch
U:\COMP3320\COMP3320_lab_w03_code_2019\GLFW_EXAMPLE\GLFW_EXAMPLE\soil\src\SOIL.c(1729,19): warning C4018:  '<': signed/unsigned mismatch
U:\COMP3320\COMP3320_lab_w03_code_2019\GLFW_EXAMPLE\GLFW_EXAMPLE\soil\src\SOIL.c(1841,1): warning C4996:  'fopen': This function or variable may be unsafe. Consider using fopen_s instead. To disable deprecation, use _CRT_SECURE_NO_WARNINGS. See online help for details.
  image_helper.c
C:\Program Files (x86)\Windows Kits\10\Include\10.0.17763.0\ucrt\stdio.h(208): message :  see declaration of 'fopen'
U:\COMP3320\COMP3320_lab_w03_code_2019\GLFW_EXAMPLE\GLFW_EXAMPLE\soil\src\image_helper.c(325,1): warning C4244:  'initializing': conversion from 'double' to 'float', possible loss of data
U:\COMP3320\COMP3320_lab_w03_code_2019\GLFW_EXAMPLE\GLFW_EXAMPLE\soil\src\image_helper.c(366,58): warning C4244:  '=': conversion from 'double' to 'float', possible loss of data
U:\COMP3320\COMP3320_lab_w03_code_2019\GLFW_EXAMPLE\GLFW_EXAMPLE\soil\src\image_helper.c(373,46): warning C4244:  '=': conversion from 'float' to 'int', possible loss of data
U:\COMP3320\COMP3320_lab_w03_code_2019\GLFW_EXAMPLE\GLFW_EXAMPLE\soil\src\image_helper.c(415,58): warning C4244:  '=': conversion from 'double' to 'float', possible loss of data
  image_DXT.c
U:\COMP3320\COMP3320_lab_w03_code_2019\GLFW_EXAMPLE\GLFW_EXAMPLE\soil\src\image_helper.c(422,62): warning C4244:  '=': conversion from 'float' to 'int', possible loss of data
U:\COMP3320\COMP3320_lab_w03_code_2019\GLFW_EXAMPLE\GLFW_EXAMPLE\soil\src\image_DXT.c(92,1): warning C4996:  'fopen': This function or variable may be unsafe. Consider using fopen_s instead. To disable deprecation, use _CRT_SECURE_NO_WARNINGS. See online help for details.
  Generating Code...
C:\Program Files (x86)\Windows Kits\10\Include\10.0.17763.0\ucrt\stdio.h(208): message :  see declaration of 'fopen'
  SOIL.vcxproj -> U:\COMP3320\COMP3320_lab_w03_code_2019\GLFW_EXAMPLE\Debug\SOIL.lib
